[ 2017-02-24T18:37:04+08:00 ] 127.0.0.1 127.0.0.1 GET /
[ log ] tp5.tpadmin.mmt/ [运行时间：0.050000s][吞吐率：20.00req/s] [内存消耗：3,038.90kb] [文件加载：47]
[ info ] [ LANG ] D:\php\www\thinkphp5\tp5.tpadmin.mmt\thinkphp\lang\zh-cn.php
[ info ] [ ROUTE ] array (
  'type' => 'module',
  'module' => 
  array (
    0 => '',
    1 => NULL,
    2 => NULL,
  ),
)
[ info ] [ HEADER ] array (
  'upgrade-insecure-requests' => '1',
  'connection' => 'keep-alive',
  'cookie' => 'pgv_pvi=2730855424; think_var=zh-cn',
  'accept-encoding' => 'gzip, deflate',
  'accept-language' => 'zh-CN,zh;q=0.8,en-US;q=0.5,en;q=0.3',
  'accept' => 'text/html,application/xhtml+xml,application/xml;q=0.9,*/*;q=0.8',
  'user-agent' => 'Mozilla/5.0 (Windows NT 6.1; WOW64; rv:51.0) Gecko/20100101 Firefox/51.0',
  'host' => 'tp5.tpadmin.mmt',
  'content-length' => '',
  'content-type' => '',
)
[ info ] [ PARAM ] array (
)
[ info ] [ CACHE ] INIT File
[ info ] [ DB ] INIT mysql
[ info ] [ LOG ] INIT File
[ error ] [1045]SQLSTATE[HY000] [1045] Access denied for user 'root'@'localhost' (using password: YES)[D:\php\www\thinkphp5\tp5.tpadmin.mmt\thinkphp\library\think\db\Connection.php:282]

---------------------------------------------------------------
[ 2017-02-24T18:38:37+08:00 ] 127.0.0.1 127.0.0.1 GET /
[ log ] tp5.tpadmin.mmt/ [运行时间：0.062000s][吞吐率：16.13req/s] [内存消耗：3,255.21kb] [文件加载：48]
[ info ] [ LANG ] D:\php\www\thinkphp5\tp5.tpadmin.mmt\thinkphp\lang\zh-cn.php
[ info ] [ ROUTE ] array (
  'type' => 'module',
  'module' => 
  array (
    0 => '',
    1 => NULL,
    2 => NULL,
  ),
)
[ info ] [ HEADER ] array (
  'upgrade-insecure-requests' => '1',
  'connection' => 'keep-alive',
  'cookie' => 'pgv_pvi=2730855424; think_var=zh-cn; thinkphp_show_page_trace=0|0',
  'accept-encoding' => 'gzip, deflate',
  'accept-language' => 'zh-CN,zh;q=0.8,en-US;q=0.5,en;q=0.3',
  'accept' => 'text/html,application/xhtml+xml,application/xml;q=0.9,*/*;q=0.8',
  'user-agent' => 'Mozilla/5.0 (Windows NT 6.1; WOW64; rv:51.0) Gecko/20100101 Firefox/51.0',
  'host' => 'tp5.tpadmin.mmt',
  'content-length' => '',
  'content-type' => '',
)
[ info ] [ PARAM ] array (
)
[ info ] [ CACHE ] INIT File
[ info ] [ DB ] INIT mysql
[ info ] [ RUN ] app\index\controller\Index->index[ D:\php\www\thinkphp5\tp5.tpadmin.mmt\application\index\controller\Index.php ]
[ info ] [ VIEW ] ../themes/default/index\index.html [ array (
  0 => 'site_title',
  1 => 'seo_title',
  2 => 'seo_keyword',
  3 => 'seo_description',
  4 => 'site_copyright',
  5 => 'site_icp',
  6 => 'site_tongji',
  7 => 'nav',
  8 => 'slide',
) ]
[ info ] [ LOG ] INIT File
[ sql ] [ DB ] CONNECT:[ UseTime:0.010000s ] mysql:dbname=think_admin;host=127.0.0.1;port=3306;charset=utf8
[ sql ] [ SQL ] SHOW COLUMNS FROM `think_system` [ RunTime:0.002000s ]
[ sql ] [ SQL ] SELECT `value` FROM `think_system` WHERE  `name` = 'site_config' LIMIT 1 [ RunTime:0.001000s ]
[ sql ] [ SQL ] SHOW COLUMNS FROM `think_nav` [ RunTime:0.002000s ]
[ sql ] [ SQL ] SELECT * FROM `think_nav` WHERE  `status` = 1 ORDER BY `sort`  ASC [ RunTime:0.000000s ]
[ sql ] [ SQL ] SHOW COLUMNS FROM `think_slide` [ RunTime:0.002000s ]
[ sql ] [ SQL ] SELECT * FROM `think_slide` WHERE  `status` = 1  AND `cid` = 1 ORDER BY `sort`  DESC [ RunTime:0.000000s ]

---------------------------------------------------------------
[ 2017-02-24T18:47:05+08:00 ] 127.0.0.1 127.0.0.1 GET /
[ log ] tp5.tpadmin.mmt/ [运行时间：0.045000s][吞吐率：22.22req/s] [内存消耗：3,037.38kb] [文件加载：46]
[ info ] [ LANG ] D:\php\www\thinkphp5\tp5.tpadmin.mmt\thinkphp\lang\zh-cn.php
[ info ] [ ROUTE ] array (
  'type' => 'module',
  'module' => 
  array (
    0 => '',
    1 => NULL,
    2 => NULL,
  ),
)
[ info ] [ HEADER ] array (
  'upgrade-insecure-requests' => '1',
  'connection' => 'keep-alive',
  'cookie' => 'pgv_pvi=2730855424; think_var=zh-cn; thinkphp_show_page_trace=0|0',
  'referer' => 'http://tp5.tpadmin.mmt/',
  'accept-encoding' => 'gzip, deflate',
  'accept-language' => 'zh-CN,zh;q=0.8,en-US;q=0.5,en;q=0.3',
  'accept' => 'text/html,application/xhtml+xml,application/xml;q=0.9,*/*;q=0.8',
  'user-agent' => 'Mozilla/5.0 (Windows NT 6.1; WOW64; rv:51.0) Gecko/20100101 Firefox/51.0',
  'host' => 'tp5.tpadmin.mmt',
  'content-length' => '',
  'content-type' => '',
)
[ info ] [ PARAM ] array (
)
[ info ] [ CACHE ] INIT File
[ info ] [ DB ] INIT mysql
[ info ] [ RUN ] app\index\controller\Index->index[ D:\php\www\thinkphp5\tp5.tpadmin.mmt\application\index\controller\Index.php ]
[ info ] [ VIEW ] ../themes/default/index\index.html [ array (
  0 => 'site_title',
  1 => 'seo_title',
  2 => 'seo_keyword',
  3 => 'seo_description',
  4 => 'site_copyright',
  5 => 'site_icp',
  6 => 'site_tongji',
  7 => 'nav',
  8 => 'slide',
) ]
[ info ] [ LOG ] INIT File
[ sql ] [ DB ] CONNECT:[ UseTime:0.001000s ] mysql:dbname=think_admin;host=127.0.0.1;port=3306;charset=utf8
[ sql ] [ SQL ] SHOW COLUMNS FROM `think_nav` [ RunTime:0.002000s ]
[ sql ] [ SQL ] SELECT * FROM `think_nav` WHERE  `status` = 1 ORDER BY `sort`  ASC [ RunTime:0.000000s ]
[ sql ] [ SQL ] SHOW COLUMNS FROM `think_slide` [ RunTime:0.002000s ]
[ sql ] [ SQL ] SELECT * FROM `think_slide` WHERE  `status` = 1  AND `cid` = 1 ORDER BY `sort`  DESC [ RunTime:0.000000s ]

---------------------------------------------------------------
[ 2017-02-24T19:03:44+08:00 ] 127.0.0.1 127.0.0.1 GET /admin/Index/index
[ log ] tp5.tpadmin.mmt/admin/Index/index [运行时间：0.024000s][吞吐率：41.67req/s] [内存消耗：2,092.13kb] [文件加载：38]
[ info ] [ LANG ] D:\php\www\thinkphp5\tp5.tpadmin.mmt\thinkphp\lang\zh-cn.php
[ info ] [ ROUTE ] array (
  'type' => 'module',
  'module' => 
  array (
    0 => 'admin',
    1 => 'Index',
    2 => 'index',
  ),
)
[ info ] [ HEADER ] array (
  'cookie' => 'pgv_pvi=9854939136; pgv_si=s5175786496; think_var=zh-cn; PHPSESSID=fode3nfg0qbe9epv4a1km6m7q0',
  'accept-language' => 'zh-CN,zh;q=0.8',
  'accept-encoding' => 'gzip, deflate, sdch',
  'accept' => 'text/html,application/xhtml+xml,application/xml;q=0.9,image/webp,*/*;q=0.8',
  'user-agent' => 'Mozilla/5.0 (Windows NT 6.1; WOW64) AppleWebKit/537.36 (KHTML, like Gecko) Chrome/58.0.3004.3 Safari/537.36',
  'upgrade-insecure-requests' => '1',
  'connection' => 'keep-alive',
  'host' => 'tp5.tpadmin.mmt',
  'content-length' => '',
  'content-type' => '',
)
[ info ] [ PARAM ] array (
)
[ info ] [ SESSION ] INIT array (
  'id' => '',
  'var_session_id' => '',
  'prefix' => 'think',
  'type' => '',
  'auto_start' => true,
)
[ info ] [ LOG ] INIT File

---------------------------------------------------------------
[ 2017-02-24T19:03:44+08:00 ] 127.0.0.1 127.0.0.1 GET /admin/login/index.html
[ log ] tp5.tpadmin.mmt/admin/login/index.html [运行时间：0.026000s][吞吐率：38.46req/s] [内存消耗：2,420.71kb] [文件加载：45]
[ info ] [ LANG ] D:\php\www\thinkphp5\tp5.tpadmin.mmt\thinkphp\lang\zh-cn.php
[ info ] [ ROUTE ] array (
  'type' => 'module',
  'module' => 
  array (
    0 => 'admin',
    1 => 'login',
    2 => 'index',
  ),
)
[ info ] [ HEADER ] array (
  'cookie' => 'pgv_pvi=9854939136; pgv_si=s5175786496; think_var=zh-cn; PHPSESSID=fode3nfg0qbe9epv4a1km6m7q0',
  'accept-language' => 'zh-CN,zh;q=0.8',
  'accept-encoding' => 'gzip, deflate, sdch',
  'accept' => 'text/html,application/xhtml+xml,application/xml;q=0.9,image/webp,*/*;q=0.8',
  'user-agent' => 'Mozilla/5.0 (Windows NT 6.1; WOW64) AppleWebKit/537.36 (KHTML, like Gecko) Chrome/58.0.3004.3 Safari/537.36',
  'upgrade-insecure-requests' => '1',
  'connection' => 'keep-alive',
  'host' => 'tp5.tpadmin.mmt',
  'content-length' => '',
  'content-type' => '',
)
[ info ] [ PARAM ] array (
)
[ info ] [ RUN ] app\admin\controller\Login->index[ D:\php\www\thinkphp5\tp5.tpadmin.mmt\application\admin\controller\Login.php ]
[ info ] [ VIEW ] ../admin_themes/login\index.html [ array (
) ]
[ info ] [ LOG ] INIT File
[ error ] [1]Call to undefined function captcha_src()[D:\php\www\thinkphp5\tp5.tpadmin.mmt\runtime\temp\e34a3cd60dd20a92c16cedc4e3d820b4.php:37]

---------------------------------------------------------------
[ 2017-02-24T19:04:00+08:00 ] 127.0.0.1 127.0.0.1 GET /
[ log ] tp5.tpadmin.mmt/ [运行时间：0.057000s][吞吐率：17.54req/s] [内存消耗：3,037.32kb] [文件加载：46]
[ info ] [ LANG ] D:\php\www\thinkphp5\tp5.tpadmin.mmt\thinkphp\lang\zh-cn.php
[ info ] [ ROUTE ] array (
  'type' => 'module',
  'module' => 
  array (
    0 => '',
    1 => NULL,
    2 => NULL,
  ),
)
[ info ] [ HEADER ] array (
  'cookie' => 'pgv_pvi=9854939136; pgv_si=s5175786496; think_var=zh-cn; PHPSESSID=fode3nfg0qbe9epv4a1km6m7q0',
  'accept-language' => 'zh-CN,zh;q=0.8',
  'accept-encoding' => 'gzip, deflate, sdch',
  'accept' => 'text/html,application/xhtml+xml,application/xml;q=0.9,image/webp,*/*;q=0.8',
  'user-agent' => 'Mozilla/5.0 (Windows NT 6.1; WOW64) AppleWebKit/537.36 (KHTML, like Gecko) Chrome/58.0.3004.3 Safari/537.36',
  'upgrade-insecure-requests' => '1',
  'connection' => 'keep-alive',
  'host' => 'tp5.tpadmin.mmt',
  'content-length' => '',
  'content-type' => '',
)
[ info ] [ PARAM ] array (
)
[ info ] [ CACHE ] INIT File
[ info ] [ DB ] INIT mysql
[ info ] [ RUN ] app\index\controller\Index->index[ D:\php\www\thinkphp5\tp5.tpadmin.mmt\application\index\controller\Index.php ]
[ info ] [ VIEW ] ../themes/default/index\index.html [ array (
  0 => 'site_title',
  1 => 'seo_title',
  2 => 'seo_keyword',
  3 => 'seo_description',
  4 => 'site_copyright',
  5 => 'site_icp',
  6 => 'site_tongji',
  7 => 'nav',
  8 => 'slide',
) ]
[ info ] [ LOG ] INIT File
[ sql ] [ DB ] CONNECT:[ UseTime:0.001000s ] mysql:dbname=think_admin;host=127.0.0.1;port=3306;charset=utf8
[ sql ] [ SQL ] SHOW COLUMNS FROM `think_nav` [ RunTime:0.004000s ]
[ sql ] [ SQL ] SELECT * FROM `think_nav` WHERE  `status` = 1 ORDER BY `sort`  ASC [ RunTime:0.000000s ]
[ sql ] [ SQL ] SHOW COLUMNS FROM `think_slide` [ RunTime:0.002000s ]
[ sql ] [ SQL ] SELECT * FROM `think_slide` WHERE  `status` = 1  AND `cid` = 1 ORDER BY `sort`  DESC [ RunTime:0.000000s ]

---------------------------------------------------------------
[ 2017-02-24T19:04:48+08:00 ] 127.0.0.1 127.0.0.1 GET /admin/Index/index
[ log ] tp5.tpadmin.mmt/admin/Index/index [运行时间：0.032000s][吞吐率：31.25req/s] [内存消耗：2,092.45kb] [文件加载：38]
[ info ] [ LANG ] D:\php\www\thinkphp5\tp5.tpadmin.mmt\thinkphp\lang\zh-cn.php
[ info ] [ ROUTE ] array (
  'type' => 'module',
  'module' => 
  array (
    0 => 'admin',
    1 => 'Index',
    2 => 'index',
  ),
)
[ info ] [ HEADER ] array (
  'cookie' => 'pgv_pvi=9854939136; pgv_si=s5175786496; think_var=zh-cn; PHPSESSID=fode3nfg0qbe9epv4a1km6m7q0; thinkphp_show_page_trace=0|0',
  'accept-language' => 'zh-CN,zh;q=0.8',
  'accept-encoding' => 'gzip, deflate, sdch',
  'accept' => 'text/html,application/xhtml+xml,application/xml;q=0.9,image/webp,*/*;q=0.8',
  'user-agent' => 'Mozilla/5.0 (Windows NT 6.1; WOW64) AppleWebKit/537.36 (KHTML, like Gecko) Chrome/58.0.3004.3 Safari/537.36',
  'upgrade-insecure-requests' => '1',
  'connection' => 'keep-alive',
  'host' => 'tp5.tpadmin.mmt',
  'content-length' => '',
  'content-type' => '',
)
[ info ] [ PARAM ] array (
)
[ info ] [ SESSION ] INIT array (
  'id' => '',
  'var_session_id' => '',
  'prefix' => 'think',
  'type' => '',
  'auto_start' => true,
)
[ info ] [ LOG ] INIT File

---------------------------------------------------------------
[ 2017-02-24T19:04:48+08:00 ] 127.0.0.1 127.0.0.1 GET /admin/login/index.html
[ log ] tp5.tpadmin.mmt/admin/login/index.html [运行时间：0.024000s][吞吐率：41.67req/s] [内存消耗：2,210.53kb] [文件加载：43]
[ info ] [ LANG ] D:\php\www\thinkphp5\tp5.tpadmin.mmt\thinkphp\lang\zh-cn.php
[ info ] [ ROUTE ] array (
  'type' => 'module',
  'module' => 
  array (
    0 => 'admin',
    1 => 'login',
    2 => 'index',
  ),
)
[ info ] [ HEADER ] array (
  'cookie' => 'thinkphp_show_page_trace=0|0; pgv_pvi=9854939136; pgv_si=s5175786496; think_var=zh-cn; PHPSESSID=fode3nfg0qbe9epv4a1km6m7q0; thinkphp_show_page_trace=0|0',
  'accept-language' => 'zh-CN,zh;q=0.8',
  'accept-encoding' => 'gzip, deflate, sdch',
  'accept' => 'text/html,application/xhtml+xml,application/xml;q=0.9,image/webp,*/*;q=0.8',
  'user-agent' => 'Mozilla/5.0 (Windows NT 6.1; WOW64) AppleWebKit/537.36 (KHTML, like Gecko) Chrome/58.0.3004.3 Safari/537.36',
  'upgrade-insecure-requests' => '1',
  'connection' => 'keep-alive',
  'host' => 'tp5.tpadmin.mmt',
  'content-length' => '',
  'content-type' => '',
)
[ info ] [ PARAM ] array (
)
[ info ] [ RUN ] app\admin\controller\Login->index[ D:\php\www\thinkphp5\tp5.tpadmin.mmt\application\admin\controller\Login.php ]
[ info ] [ VIEW ] ../admin_themes/login\index.html [ array (
) ]
[ info ] [ LOG ] INIT File
[ error ] [1]Call to undefined function captcha_src()[D:\php\www\thinkphp5\tp5.tpadmin.mmt\runtime\temp\e34a3cd60dd20a92c16cedc4e3d820b4.php:37]

---------------------------------------------------------------
[ 2017-02-24T19:05:41+08:00 ] 127.0.0.1 127.0.0.1 GET /
[ log ] tp5.tpadmin.mmt/ [运行时间：0.043000s][吞吐率：23.26req/s] [内存消耗：3,037.34kb] [文件加载：46]
[ info ] [ LANG ] D:\php\www\thinkphp5\tp5.tpadmin.mmt\thinkphp\lang\zh-cn.php
[ info ] [ ROUTE ] array (
  'type' => 'module',
  'module' => 
  array (
    0 => '',
    1 => NULL,
    2 => NULL,
  ),
)
[ info ] [ HEADER ] array (
  'cookie' => 'pgv_pvi=9854939136; pgv_si=s5175786496; think_var=zh-cn; PHPSESSID=fode3nfg0qbe9epv4a1km6m7q0; thinkphp_show_page_trace=0|0',
  'accept-language' => 'zh-CN,zh;q=0.8',
  'accept-encoding' => 'gzip, deflate, sdch',
  'accept' => 'text/html,application/xhtml+xml,application/xml;q=0.9,image/webp,*/*;q=0.8',
  'user-agent' => 'Mozilla/5.0 (Windows NT 6.1; WOW64) AppleWebKit/537.36 (KHTML, like Gecko) Chrome/58.0.3004.3 Safari/537.36',
  'upgrade-insecure-requests' => '1',
  'connection' => 'keep-alive',
  'host' => 'tp5.tpadmin.mmt',
  'content-length' => '',
  'content-type' => '',
)
[ info ] [ PARAM ] array (
)
[ info ] [ CACHE ] INIT File
[ info ] [ DB ] INIT mysql
[ info ] [ RUN ] app\index\controller\Index->index[ D:\php\www\thinkphp5\tp5.tpadmin.mmt\application\index\controller\Index.php ]
[ info ] [ VIEW ] ../themes/default/index\index.html [ array (
  0 => 'site_title',
  1 => 'seo_title',
  2 => 'seo_keyword',
  3 => 'seo_description',
  4 => 'site_copyright',
  5 => 'site_icp',
  6 => 'site_tongji',
  7 => 'nav',
  8 => 'slide',
) ]
[ info ] [ LOG ] INIT File
[ sql ] [ DB ] CONNECT:[ UseTime:0.010000s ] mysql:dbname=think_admin;host=127.0.0.1;port=3306;charset=utf8
[ sql ] [ SQL ] SHOW COLUMNS FROM `think_nav` [ RunTime:0.003000s ]
[ sql ] [ SQL ] SELECT * FROM `think_nav` WHERE  `status` = 1 ORDER BY `sort`  ASC [ RunTime:0.000000s ]
[ sql ] [ SQL ] SHOW COLUMNS FROM `think_slide` [ RunTime:0.003000s ]
[ sql ] [ SQL ] SELECT * FROM `think_slide` WHERE  `status` = 1  AND `cid` = 1 ORDER BY `sort`  DESC [ RunTime:0.001000s ]

---------------------------------------------------------------
[ 2017-02-24T19:06:05+08:00 ] 127.0.0.1 127.0.0.1 GET /index.php/admin
[ log ] tp5.tpadmin.mmt/index.php/admin [运行时间：0.018000s][吞吐率：55.56req/s] [内存消耗：1,655.26kb] [文件加载：32]
[ info ] [ LANG ] D:\php\www\thinkphp5\tp5.tpadmin.mmt\thinkphp\lang\zh-cn.php
[ info ] [ ROUTE ] array (
  'type' => 'module',
  'module' => 
  array (
    0 => 'index.php',
    1 => 'admin',
    2 => NULL,
  ),
)
[ info ] [ HEADER ] array (
  'cookie' => 'pgv_pvi=9854939136; pgv_si=s5175786496; think_var=zh-cn; PHPSESSID=fode3nfg0qbe9epv4a1km6m7q0; thinkphp_show_page_trace=0|0',
  'accept-language' => 'zh-CN,zh;q=0.8',
  'accept-encoding' => 'gzip, deflate, sdch',
  'accept' => 'text/html,application/xhtml+xml,application/xml;q=0.9,image/webp,*/*;q=0.8',
  'user-agent' => 'Mozilla/5.0 (Windows NT 6.1; WOW64) AppleWebKit/537.36 (KHTML, like Gecko) Chrome/58.0.3004.3 Safari/537.36',
  'upgrade-insecure-requests' => '1',
  'connection' => 'keep-alive',
  'host' => 'tp5.tpadmin.mmt',
  'content-length' => '',
  'content-type' => '',
)
[ info ] [ PARAM ] array (
)
[ info ] [ LOG ] INIT File

---------------------------------------------------------------
[ 2017-02-24T19:06:13+08:00 ] 127.0.0.1 127.0.0.1 GET /admin
[ log ] tp5.tpadmin.mmt/admin [运行时间：0.025000s][吞吐率：40.00req/s] [内存消耗：2,092.22kb] [文件加载：38]
[ info ] [ LANG ] D:\php\www\thinkphp5\tp5.tpadmin.mmt\thinkphp\lang\zh-cn.php
[ info ] [ ROUTE ] array (
  'type' => 'module',
  'module' => 
  array (
    0 => 'admin',
    1 => NULL,
    2 => NULL,
  ),
)
[ info ] [ HEADER ] array (
  'cookie' => 'pgv_pvi=9854939136; pgv_si=s5175786496; think_var=zh-cn; PHPSESSID=fode3nfg0qbe9epv4a1km6m7q0; thinkphp_show_page_trace=0|0',
  'accept-language' => 'zh-CN,zh;q=0.8',
  'accept-encoding' => 'gzip, deflate, sdch',
  'accept' => 'text/html,application/xhtml+xml,application/xml;q=0.9,image/webp,*/*;q=0.8',
  'user-agent' => 'Mozilla/5.0 (Windows NT 6.1; WOW64) AppleWebKit/537.36 (KHTML, like Gecko) Chrome/58.0.3004.3 Safari/537.36',
  'upgrade-insecure-requests' => '1',
  'connection' => 'keep-alive',
  'host' => 'tp5.tpadmin.mmt',
  'content-length' => '',
  'content-type' => '',
)
[ info ] [ PARAM ] array (
)
[ info ] [ SESSION ] INIT array (
  'id' => '',
  'var_session_id' => '',
  'prefix' => 'think',
  'type' => '',
  'auto_start' => true,
)
[ info ] [ LOG ] INIT File

---------------------------------------------------------------
[ 2017-02-24T19:06:13+08:00 ] 127.0.0.1 127.0.0.1 GET /admin/login/index.html
[ log ] tp5.tpadmin.mmt/admin/login/index.html [运行时间：0.022000s][吞吐率：45.45req/s] [内存消耗：2,210.53kb] [文件加载：43]
[ info ] [ LANG ] D:\php\www\thinkphp5\tp5.tpadmin.mmt\thinkphp\lang\zh-cn.php
[ info ] [ ROUTE ] array (
  'type' => 'module',
  'module' => 
  array (
    0 => 'admin',
    1 => 'login',
    2 => 'index',
  ),
)
[ info ] [ HEADER ] array (
  'cookie' => 'thinkphp_show_page_trace=0|0; pgv_pvi=9854939136; pgv_si=s5175786496; think_var=zh-cn; PHPSESSID=fode3nfg0qbe9epv4a1km6m7q0; thinkphp_show_page_trace=0|0',
  'accept-language' => 'zh-CN,zh;q=0.8',
  'accept-encoding' => 'gzip, deflate, sdch',
  'accept' => 'text/html,application/xhtml+xml,application/xml;q=0.9,image/webp,*/*;q=0.8',
  'user-agent' => 'Mozilla/5.0 (Windows NT 6.1; WOW64) AppleWebKit/537.36 (KHTML, like Gecko) Chrome/58.0.3004.3 Safari/537.36',
  'upgrade-insecure-requests' => '1',
  'connection' => 'keep-alive',
  'host' => 'tp5.tpadmin.mmt',
  'content-length' => '',
  'content-type' => '',
)
[ info ] [ PARAM ] array (
)
[ info ] [ RUN ] app\admin\controller\Login->index[ D:\php\www\thinkphp5\tp5.tpadmin.mmt\application\admin\controller\Login.php ]
[ info ] [ VIEW ] ../admin_themes/login\index.html [ array (
) ]
[ info ] [ LOG ] INIT File
[ error ] [1]Call to undefined function captcha_src()[D:\php\www\thinkphp5\tp5.tpadmin.mmt\runtime\temp\e34a3cd60dd20a92c16cedc4e3d820b4.php:37]

---------------------------------------------------------------
